This is Ipopt version 3.12, running with linear solver ma86.

Number of nonzeros in equality constraint Jacobian...:   102090
Number of nonzeros in inequality constraint Jacobian.:   775884
Number of nonzeros in Lagrangian Hessian.............:     6806

Total number of variables............................:     6806
                     variables with only lower bounds:        0
                variables with lower and upper bounds:     6806
                     variables with only upper bounds:        0
Total number of equality constraints.................:       15
Total number of inequality constraints...............:      114
        inequality constraints with only lower bounds:        0
   inequality constraints with lower and upper bounds:      114
        inequality constraints with only upper bounds:        0

iter    objective    inf_pr   inf_du lg(mu)  ||d||  lg(rg) alpha_du alpha_pr  ls
   0 7.2924687e+010 4.42e+012 1.00e+002  -1.0 0.00e+000    -  0.00e+000 0.00e+000   0
   1 3.2267802e+010 2.94e+012 6.61e+001  -1.0 4.65e+002    -  5.31e-001 3.35e-001f  1
   2 5.6155740e+009 1.22e+012 1.17e+003  -1.0 3.10e+002    -  6.91e-001 5.84e-001f  1
   3 5.9297956e+008 3.90e+011 6.37e+002  -1.0 1.28e+002    -  4.70e-001 6.80e-001f  1
   4 5.4056830e+007 1.10e+011 3.35e+002  -1.0 4.08e+001    -  5.33e-001 7.17e-001f  1
   5 2.0073702e+007 6.22e+010 8.29e+003  -1.0 1.66e+001    -  6.73e-001 4.36e-001f  1
   6 1.1907212e+007 4.55e+010 6.40e+003  -1.0 2.32e+001    -  4.54e-001 2.69e-001f  1
   7 4.3420588e+006 2.33e+010 4.08e+003  -1.0 4.75e+002    -  4.86e-001 4.87e-001f  1
   8 2.8342635e+006 1.49e+010 5.10e+004  -1.0 9.51e+001    -  6.45e-001 3.61e-001h  1
   9 2.1553770e+006 8.66e+009 3.44e+004  -1.0 2.42e+002    -  2.85e-001 4.19e-001h  1
iter    objective    inf_pr   inf_du lg(mu)  ||d||  lg(rg) alpha_du alpha_pr  ls
  10 2.1697835e+006 7.17e+009 2.91e+004  -1.0 1.42e+003    -  3.14e-001 1.72e-001h  1
  11 2.5012118e+006 5.43e+009 2.31e+004  -1.0 1.42e+002    -  2.57e-001 2.42e-001h  1
  12 3.2516188e+006 4.10e+009 3.60e+004  -1.0 9.18e+001    -  4.94e-001 2.46e-001h  1
  13 4.9120733e+006 2.95e+009 8.04e+004  -1.0 6.59e+001    -  4.35e-001 2.79e-001h  1
  14 7.1658022e+006 2.25e+009 1.06e+005  -1.0 7.99e+001    -  4.84e-001 2.39e-001h  1
  15 1.2497193e+007 1.54e+009 1.44e+005  -1.0 7.54e+001    -  5.54e-001 3.15e-001h  1
  16 1.4330661e+007 1.41e+009 1.35e+005  -1.0 1.29e+002    -  1.48e-001 8.67e-002h  1
  17 1.8267270e+007 1.20e+009 1.23e+005  -1.0 2.67e+002    -  1.98e-001 1.44e-001h  1
  18 2.1102499e+007 1.11e+009 1.16e+005  -1.0 3.08e+002    -  2.81e-001 7.94e-002h  1
  19 4.6043388e+007 7.92e+008 8.50e+005  -1.0 1.06e+002    -  8.27e-001 2.84e-001h  1
iter    objective    inf_pr   inf_du lg(mu)  ||d||  lg(rg) alpha_du alpha_pr  ls
  20 5.3921637e+007 6.93e+008 7.52e+005  -1.0 6.59e+001    -  4.74e-001 1.25e-001h  1
  21 8.5971481e+007 4.91e+008 5.71e+005  -1.0 4.45e+001    -  3.65e-001 2.90e-001h  1
  22 9.7722019e+007 4.50e+008 5.25e+005  -1.0 7.91e+001    -  1.77e-001 8.35e-002h  1
  23 1.5092367e+008 3.39e+008 7.66e+005  -1.0 1.06e+002    -  2.23e-001 2.47e-001h  1
  24 2.1770781e+008 2.69e+008 1.41e+006  -1.0 1.45e+002    -  1.45e-001 2.06e-001h  1
  25 3.1729331e+008 2.12e+008 2.75e+006  -1.0 1.14e+002    -  6.93e-002 2.07e-001h  1
  26 3.3828869e+008 2.05e+008 2.72e+006  -1.0 1.39e+002    -  2.43e-001 3.34e-002h  1
  27 7.2176290e+008 1.27e+008 1.98e+007  -1.0 1.42e+002    -  2.20e-001 3.74e-001h  1
  28 8.9319933e+008 1.11e+008 2.14e+007  -1.0 1.66e+002    -  7.00e-001 1.24e-001h  1
  29 8.1084100e+010 5.57e+006 3.14e+010  -1.0 1.62e+002    -  6.16e-003 9.29e-001h  1
iter    objective    inf_pr   inf_du lg(mu)  ||d||  lg(rg) alpha_du alpha_pr  ls
  30 8.1082528e+010 5.53e+006 3.12e+010  -1.0 1.22e+002    -  2.15e-003 5.04e-003f  2
  31 8.1096083e+010 5.48e+006 3.11e+010  -1.0 1.19e+002    -  2.65e-001 5.34e-003h  1
  32 8.1104503e+010 5.47e+006 3.10e+010  -1.0 9.30e+001    -  1.07e-002 1.62e-003h  1
  33 8.1354791e+010 5.22e+006 3.01e+010  -1.0 9.09e+001    -  1.10e-001 3.10e-002h  1
  34 8.1843942e+010 4.99e+006 2.92e+010  -1.0 8.55e+001    -  1.86e-001 2.84e-002h  1
  35 8.6661807e+010 3.95e+006 2.56e+010  -1.0 7.96e+001    -  1.84e-001 1.37e-001h  1
  36 9.2470745e+010 3.36e+006 2.34e+010  -1.0 5.70e+001    -  1.00e+000 9.05e-002h  1
  37 1.0383691e+013 2.66e+004 1.24e+014  -1.0 5.10e+001    -  7.00e-001 8.95e-001h  1
  38 5.9149369e+012 7.53e+003 5.23e+013  -1.0 9.40e+000    -  1.00e+000 1.00e+000f  1
  39 3.4250158e+012 8.42e+003 2.21e+013  -1.0 3.11e+000    -  1.00e+000 1.00e+000f  1
iter    objective    inf_pr   inf_du lg(mu)  ||d||  lg(rg) alpha_du alpha_pr  ls
  40 2.0506374e+012 8.99e+003 9.31e+012  -1.0 3.39e+000    -  1.00e+000 1.00e+000f  1
  41 1.3015879e+012 8.81e+003 3.92e+012  -1.0 3.36e+000    -  1.00e+000 1.00e+000f  1
  42 9.0347354e+011 8.30e+003 1.64e+012  -1.0 2.86e+000    -  1.00e+000 1.00e+000f  1
  43 6.9926435e+011 7.93e+003 6.84e+011  -1.0 1.37e+000    -  1.00e+000 1.00e+000f  1
  44 6.0668345e+011 7.62e+003 2.77e+011  -1.0 2.02e-001    -  1.00e+000 1.00e+000f  1
  45 5.7899670e+011 7.36e+003 1.05e+011  -1.0 4.74e-002    -  1.00e+000 1.00e+000f  1
  46 5.7892746e+011 7.33e+003 9.28e+010  -1.0 5.88e-002    -  1.00e+000 1.25e-001f  4
  47 5.8874053e+011 7.11e+003 2.81e+010  -1.0 6.01e-002    -  1.00e+000 1.00e+000h  1
  48 6.1366095e+011 6.92e+003 1.07e+010  -1.0 6.38e-002    -  1.00e+000 1.00e+000h  1
  49 6.4391807e+011 6.76e+003 3.55e+009  -1.0 4.94e-002    -  1.00e+000 1.00e+000h  1
iter    objective    inf_pr   inf_du lg(mu)  ||d||  lg(rg) alpha_du alpha_pr  ls
  50 6.7410046e+011 6.61e+003 7.49e+008  -1.0 2.01e-002    -  1.00e+000 1.00e+000h  1
  51 7.0331652e+011 6.47e+003 3.11e+008  -1.0 1.11e-002    -  1.00e+000 1.00e+000h  1
  52 7.3152504e+011 6.35e+003 2.82e+008  -1.0 1.02e-002    -  1.00e+000 1.00e+000h  1
  53 7.5870928e+011 6.24e+003 2.57e+008  -1.0 9.29e-003    -  1.00e+000 1.00e+000h  1
  54 7.8496976e+011 6.14e+003 2.36e+008  -1.0 8.53e-003    -  1.00e+000 1.00e+000h  1
  55 8.1039359e+011 6.04e+003 2.17e+008  -1.0 7.87e-003    -  1.00e+000 1.00e+000h  1
  56 8.3505502e+011 5.96e+003 2.02e+008  -1.0 7.30e-003    -  1.00e+000 1.00e+000h  1
  57 8.5901801e+011 5.87e+003 1.88e+008  -1.0 6.80e-003    -  1.00e+000 1.00e+000h  1
  58 8.8233815e+011 5.80e+003 1.75e+008  -1.0 6.35e-003    -  1.00e+000 1.00e+000h  1
  59 9.0506408e+011 5.73e+003 1.64e+008  -1.0 5.96e-003    -  1.00e+000 1.00e+000h  1
iter    objective    inf_pr   inf_du lg(mu)  ||d||  lg(rg) alpha_du alpha_pr  ls
  60 9.2723863e+011 5.66e+003 1.55e+008  -1.0 5.61e-003    -  1.00e+000 1.00e+000h  1
  61 9.4889978e+011 5.60e+003 1.46e+008  -1.0 5.29e-003    -  1.00e+000 1.00e+000h  1
  62 9.7008134e+011 5.53e+003 1.38e+008  -1.0 5.00e-003    -  1.00e+000 1.00e+000h  1
  63 9.9081362e+011 5.48e+003 1.31e+008  -1.0 4.75e-003    -  1.00e+000 1.00e+000h  1
  64 1.0111239e+012 5.42e+003 1.24e+008  -1.0 4.51e-003    -  1.00e+000 1.00e+000h  1
  65 1.0310367e+012 5.37e+003 1.18e+008  -1.0 4.29e-003    -  1.00e+000 1.00e+000h  1
  66 1.0505743e+012 5.32e+003 1.13e+008  -1.0 4.10e-003    -  1.00e+000 1.00e+000h  1
  67 1.0697572e+012 5.27e+003 1.08e+008  -1.0 3.91e-003    -  1.00e+000 1.00e+000h  1
  68 1.0886039e+012 5.23e+003 1.03e+008  -1.0 3.75e-003    -  1.00e+000 1.00e+000h  1
  69 1.1071313e+012 5.19e+003 9.88e+007  -1.0 3.59e-003    -  1.00e+000 1.00e+000h  1
iter    objective    inf_pr   inf_du lg(mu)  ||d||  lg(rg) alpha_du alpha_pr  ls
  70 1.1253551e+012 5.14e+003 9.49e+007  -1.0 3.45e-003    -  1.00e+000 1.00e+000h  1
  71 1.1432896e+012 5.10e+003 9.11e+007  -1.0 3.31e-003    -  1.00e+000 1.00e+000h  1
  72 1.1609482e+012 5.07e+003 8.77e+007  -1.0 3.19e-003    -  1.00e+000 1.00e+000h  1
  73 1.1783432e+012 5.03e+003 8.45e+007  -1.0 3.07e-003    -  1.00e+000 1.00e+000h  1
  74 1.1954859e+012 4.99e+003 8.14e+007  -1.0 2.96e-003    -  1.00e+000 1.00e+000h  1
  75 1.2123870e+012 4.96e+003 7.86e+007  -1.0 2.86e-003    -  1.00e+000 1.00e+000h  1
  76 1.2290565e+012 4.93e+003 7.59e+007  -1.0 2.76e-003    -  1.00e+000 1.00e+000h  1
  77 1.2455035e+012 4.89e+003 7.34e+007  -1.0 2.67e-003    -  1.00e+000 1.00e+000h  1
  78 1.2617366e+012 4.86e+003 7.11e+007  -1.0 2.59e-003    -  1.00e+000 1.00e+000h  1
  79 1.2777641e+012 4.83e+003 6.88e+007  -1.0 2.51e-003    -  1.00e+000 1.00e+000h  1
iter    objective    inf_pr   inf_du lg(mu)  ||d||  lg(rg) alpha_du alpha_pr  ls
  80 1.2935934e+012 4.80e+003 6.67e+007  -1.0 2.43e-003    -  1.00e+000 1.00e+000h  1
  81 1.3092318e+012 4.77e+003 6.47e+007  -1.0 2.36e-003    -  1.00e+000 1.00e+000h  1
  82 1.3246859e+012 4.75e+003 6.29e+007  -1.0 2.29e-003    -  1.00e+000 1.00e+000h  1
  83 1.3399622e+012 4.72e+003 6.11e+007  -1.0 2.22e-003    -  1.00e+000 1.00e+000h  1
  84 1.3550666e+012 4.69e+003 5.94e+007  -1.0 2.16e-003    -  1.00e+000 1.00e+000h  1
  85 1.3700047e+012 4.67e+003 5.78e+007  -1.0 2.10e-003    -  1.00e+000 1.00e+000h  1
  86 1.3847819e+012 4.64e+003 5.62e+007  -1.0 2.05e-003    -  1.00e+000 1.00e+000h  1
  87 1.3994033e+012 4.62e+003 5.47e+007  -1.0 1.99e-003    -  1.00e+000 1.00e+000h  1
  88 1.4138737e+012 4.59e+003 5.33e+007  -1.0 1.94e-003    -  1.00e+000 1.00e+000h  1
  89 1.4281977e+012 4.57e+003 5.20e+007  -1.0 1.89e-003    -  1.00e+000 1.00e+000h  1
iter    objective    inf_pr   inf_du lg(mu)  ||d||  lg(rg) alpha_du alpha_pr  ls
  90 1.4423797e+012 4.55e+003 5.07e+007  -1.0 1.85e-003    -  1.00e+000 1.00e+000h  1
  91 1.4564236e+012 4.53e+003 4.95e+007  -1.0 1.80e-003    -  1.00e+000 1.00e+000h  1
  92 1.4703336e+012 4.51e+003 4.83e+007  -1.0 1.76e-003    -  1.00e+000 1.00e+000h  1
  93 1.4841134e+012 4.49e+003 4.72e+007  -1.0 1.72e-003    -  1.00e+000 1.00e+000h  1
  94 1.4977665e+012 4.47e+003 4.61e+007  -1.0 1.68e-003    -  1.00e+000 1.00e+000h  1
  95 1.5112963e+012 4.45e+003 4.51e+007  -1.0 1.64e-003    -  1.00e+000 1.00e+000h  1
  96 1.5247062e+012 4.43e+003 4.41e+007  -1.0 1.61e-003    -  1.00e+000 1.00e+000h  1
  97 1.5379992e+012 4.41e+003 4.32e+007  -1.0 1.57e-003    -  1.00e+000 1.00e+000h  1
  98 1.5511784e+012 4.39e+003 4.22e+007  -1.0 1.54e-003    -  1.00e+000 1.00e+000h  1
  99 1.5642466e+012 4.37e+003 4.14e+007  -1.0 1.51e-003    -  1.00e+000 1.00e+000h  1
iter    objective    inf_pr   inf_du lg(mu)  ||d||  lg(rg) alpha_du alpha_pr  ls
 100 1.5772066e+012 4.35e+003 4.05e+007  -1.0 1.48e-003    -  1.00e+000 1.00e+000h  1
 101 1.5900610e+012 4.33e+003 3.97e+007  -1.0 1.45e-003    -  1.00e+000 1.00e+000h  1
 102 1.6028124e+012 4.32e+003 3.89e+007  -1.0 1.42e-003    -  1.00e+000 1.00e+000h  1
 103 1.6154632e+012 4.30e+003 3.81e+007  -1.0 1.39e-003    -  1.00e+000 1.00e+000h  1
 104 1.6280157e+012 4.28e+003 3.74e+007  -1.0 1.36e-003    -  1.00e+000 1.00e+000h  1
 105 1.6404721e+012 4.27e+003 3.67e+007  -1.0 1.34e-003    -  1.00e+000 1.00e+000h  1
 106 1.6528348e+012 4.25e+003 3.60e+007  -1.0 1.31e-003    -  1.00e+000 1.00e+000h  1
 107 1.6651056e+012 4.24e+003 3.53e+007  -1.0 1.29e-003    -  1.00e+000 1.00e+000h  1
 108 1.6772867e+012 4.22e+003 3.47e+007  -1.0 1.27e-003    -  1.00e+000 1.00e+000h  1
 109 1.6893800e+012 4.21e+003 3.41e+007  -1.0 1.24e-003    -  1.00e+000 1.00e+000h  1
iter    objective    inf_pr   inf_du lg(mu)  ||d||  lg(rg) alpha_du alpha_pr  ls
 110 1.7013873e+012 4.19e+003 3.35e+007  -1.0 1.22e-003    -  1.00e+000 1.00e+000h  1
 111 1.7133105e+012 4.18e+003 3.29e+007  -1.0 1.20e-003    -  1.00e+000 1.00e+000h  1
 112 1.7251513e+012 4.16e+003 3.23e+007  -1.0 1.18e-003    -  1.00e+000 1.00e+000h  1
 113 1.7369114e+012 4.15e+003 3.18e+007  -1.0 1.16e-003    -  1.00e+000 1.00e+000h  1
 114 1.7485924e+012 4.13e+003 3.12e+007  -1.0 1.14e-003    -  1.00e+000 1.00e+000h  1
 115 1.7601958e+012 4.12e+003 3.07e+007  -1.0 1.12e-003    -  1.00e+000 1.00e+000h  1
 116 1.7717233e+012 4.11e+003 3.02e+007  -1.0 1.10e-003    -  1.00e+000 1.00e+000h  1
 117 1.7831762e+012 4.09e+003 2.97e+007  -1.0 1.09e-003    -  1.00e+000 1.00e+000h  1
 118 1.7945560e+012 4.08e+003 2.93e+007  -1.0 1.07e-003    -  1.00e+000 1.00e+000h  1
 119 1.8058641e+012 4.07e+003 2.88e+007  -1.0 1.05e-003    -  1.00e+000 1.00e+000h  1
iter    objective    inf_pr   inf_du lg(mu)  ||d||  lg(rg) alpha_du alpha_pr  ls
 120 1.8171019e+012 4.06e+003 2.84e+007  -1.0 1.04e-003    -  1.00e+000 1.00e+000h  1
 121 1.8282705e+012 4.04e+003 2.79e+007  -1.0 1.02e-003    -  1.00e+000 1.00e+000h  1
 122 1.8393713e+012 4.03e+003 2.75e+007  -1.0 1.00e-003    -  1.00e+000 1.00e+000h  1
 123 1.8504055e+012 4.02e+003 2.71e+007  -1.0 9.90e-004    -  1.00e+000 1.00e+000h  1
 124 1.8613743e+012 4.01e+003 2.67e+007  -1.0 9.75e-004    -  1.00e+000 1.00e+000h  1
 125 1.8722787e+012 4.00e+003 2.63e+007  -1.0 9.61e-004    -  1.00e+000 1.00e+000h  1
 126 1.8831201e+012 3.98e+003 2.59e+007  -1.0 9.47e-004    -  1.00e+000 1.00e+000h  1
 127 1.8938993e+012 3.97e+003 2.56e+007  -1.0 9.34e-004    -  1.00e+000 1.00e+000h  1
 128 1.9046175e+012 3.96e+003 2.52e+007  -1.0 9.21e-004    -  1.00e+000 1.00e+000h  1
 129 1.9152757e+012 3.95e+003 2.49e+007  -1.0 9.08e-004    -  1.00e+000 1.00e+000h  1
iter    objective    inf_pr   inf_du lg(mu)  ||d||  lg(rg) alpha_du alpha_pr  ls
 130 1.9258749e+012 3.94e+003 2.45e+007  -1.0 8.95e-004    -  1.00e+000 1.00e+000h  1
 131 1.9364161e+012 3.93e+003 2.42e+007  -1.0 8.83e-004    -  1.00e+000 1.00e+000h  1
 132 1.9469002e+012 3.92e+003 2.38e+007  -1.0 8.71e-004    -  1.00e+000 1.00e+000h  1
 133 1.9573281e+012 3.91e+003 2.35e+007  -1.0 8.60e-004    -  1.00e+000 1.00e+000h  1
 134 1.9677007e+012 3.90e+003 2.32e+007  -1.0 8.48e-004    -  1.00e+000 1.00e+000h  1
 135 1.9780188e+012 3.89e+003 2.29e+007  -1.0 8.37e-004    -  1.00e+000 1.00e+000h  1
 136 1.9882835e+012 3.88e+003 2.26e+007  -1.0 8.27e-004    -  1.00e+000 1.00e+000h  1
 137 1.9984953e+012 3.87e+003 2.23e+007  -1.0 8.16e-004    -  1.00e+000 1.00e+000h  1
 138 2.0086552e+012 3.86e+003 2.20e+007  -1.0 8.06e-004    -  1.00e+000 1.00e+000h  1
 139 2.0187640e+012 3.85e+003 2.18e+007  -1.0 7.96e-004    -  1.00e+000 1.00e+000h  1
iter    objective    inf_pr   inf_du lg(mu)  ||d||  lg(rg) alpha_du alpha_pr  ls
 140 2.0288224e+012 3.84e+003 2.15e+007  -1.0 7.86e-004    -  1.00e+000 1.00e+000h  1
 141 2.0388311e+012 3.83e+003 2.12e+007  -1.0 7.76e-004    -  1.00e+000 1.00e+000h  1
 142 2.0487909e+012 3.82e+003 2.10e+007  -1.0 7.67e-004    -  1.00e+000 1.00e+000h  1
 143 2.0587025e+012 3.81e+003 2.07e+007  -1.0 7.58e-004    -  1.00e+000 1.00e+000h  1
 144 2.0685666e+012 3.80e+003 2.05e+007  -1.0 7.48e-004    -  1.00e+000 1.00e+000h  1
 145 2.0783838e+012 3.79e+003 2.02e+007  -1.0 7.40e-004    -  1.00e+000 1.00e+000h  1
 146 2.0881548e+012 3.78e+003 2.00e+007  -1.0 7.31e-004    -  1.00e+000 1.00e+000h  1
 147 2.0978803e+012 3.78e+003 1.98e+007  -1.0 7.23e-004    -  1.00e+000 1.00e+000h  1
 148 2.1075609e+012 3.77e+003 1.95e+007  -1.0 7.14e-004    -  1.00e+000 1.00e+000h  1
 149 2.1171972e+012 3.76e+003 1.93e+007  -1.0 7.06e-004    -  1.00e+000 1.00e+000h  1
iter    objective    inf_pr   inf_du lg(mu)  ||d||  lg(rg) alpha_du alpha_pr  ls
 150 2.1267899e+012 3.75e+003 1.91e+007  -1.0 6.98e-004    -  1.00e+000 1.00e+000h  1
 151 2.1363394e+012 3.74e+003 1.89e+007  -1.0 6.90e-004    -  1.00e+000 1.00e+000h  1
 152 2.1458464e+012 3.73e+003 1.87e+007  -1.0 6.83e-004    -  1.00e+000 1.00e+000h  1
 153 2.1553114e+012 3.72e+003 1.85e+007  -1.0 6.75e-004    -  1.00e+000 1.00e+000h  1
 154 2.1647350e+012 3.72e+003 1.83e+007  -1.0 6.68e-004    -  1.00e+000 1.00e+000h  1
 155 2.1741177e+012 3.71e+003 1.81e+007  -1.0 6.61e-004    -  1.00e+000 1.00e+000h  1
 156 2.1834601e+012 3.70e+003 1.79e+007  -1.0 6.54e-004    -  1.00e+000 1.00e+000h  1
 157 2.1927627e+012 3.69e+003 1.77e+007  -1.0 6.47e-004    -  1.00e+000 1.00e+000h  1
 158 2.2020259e+012 3.69e+003 1.75e+007  -1.0 6.40e-004    -  1.00e+000 1.00e+000h  1
 159 2.2112503e+012 3.68e+003 1.73e+007  -1.0 6.33e-004    -  1.00e+000 1.00e+000h  1
iter    objective    inf_pr   inf_du lg(mu)  ||d||  lg(rg) alpha_du alpha_pr  ls
 160 2.2204364e+012 3.67e+003 1.71e+007  -1.0 6.27e-004    -  1.00e+000 1.00e+000h  1
 161 2.2295846e+012 3.66e+003 1.70e+007  -1.0 6.20e-004    -  1.00e+000 1.00e+000h  1
 162 2.2386953e+012 3.65e+003 1.68e+007  -1.0 6.14e-004    -  1.00e+000 1.00e+000h  1
 163 2.2477692e+012 3.65e+003 1.66e+007  -1.0 6.08e-004    -  1.00e+000 1.00e+000h  1
 164 2.2568065e+012 3.64e+003 1.65e+007  -1.0 6.02e-004    -  1.00e+000 1.00e+000h  1
 165 2.2658077e+012 3.63e+003 1.63e+007  -1.0 5.96e-004    -  1.00e+000 1.00e+000h  1
 166 2.2747733e+012 3.63e+003 1.61e+007  -1.0 5.90e-004    -  1.00e+000 1.00e+000h  1
 167 2.2837036e+012 3.62e+003 1.60e+007  -1.0 5.84e-004    -  1.00e+000 1.00e+000h  1
 168 2.2925992e+012 3.61e+003 1.58e+007  -1.0 5.78e-004    -  1.00e+000 1.00e+000h  1
 169 2.3014603e+012 3.60e+003 1.57e+007  -1.0 5.73e-004    -  1.00e+000 1.00e+000h  1
iter    objective    inf_pr   inf_du lg(mu)  ||d||  lg(rg) alpha_du alpha_pr  ls
 170 2.3102874e+012 3.60e+003 1.55e+007  -1.0 5.67e-004    -  1.00e+000 1.00e+000h  1
 171 2.3190809e+012 3.59e+003 1.54e+007  -1.0 5.62e-004    -  1.00e+000 1.00e+000h  1
 172 2.3278412e+012 3.58e+003 1.52e+007  -1.0 5.57e-004    -  1.00e+000 1.00e+000h  1
 173 2.3365686e+012 3.58e+003 1.51e+007  -1.0 5.52e-004    -  1.00e+000 1.00e+000h  1
 174 2.3452635e+012 3.57e+003 1.49e+007  -1.0 5.46e-004    -  1.00e+000 1.00e+000h  1
 175 2.3539262e+012 3.56e+003 1.48e+007  -1.0 5.41e-004    -  1.00e+000 1.00e+000h  1
 176 2.3625571e+012 3.56e+003 1.47e+007  -1.0 5.36e-004    -  1.00e+000 1.00e+000h  1
 177 2.3711566e+012 3.55e+003 1.45e+007  -1.0 5.32e-004    -  1.00e+000 1.00e+000h  1
 178 2.3797250e+012 3.54e+003 1.44e+007  -1.0 5.27e-004    -  1.00e+000 1.00e+000h  1
 179 2.3882627e+012 3.54e+003 1.43e+007  -1.0 5.22e-004    -  1.00e+000 1.00e+000h  1
iter    objective    inf_pr   inf_du lg(mu)  ||d||  lg(rg) alpha_du alpha_pr  ls
 180 2.3967699e+012 3.53e+003 1.41e+007  -1.0 5.18e-004    -  1.00e+000 1.00e+000h  1
 181 2.4052470e+012 3.53e+003 1.40e+007  -1.0 5.13e-004    -  1.00e+000 1.00e+000h  1
 182 2.4136943e+012 3.52e+003 1.39e+007  -1.0 5.08e-004    -  1.00e+000 1.00e+000h  1
 183 2.4221121e+012 3.51e+003 1.38e+007  -1.0 5.04e-004    -  1.00e+000 1.00e+000h  1
 184 2.4305007e+012 3.51e+003 1.37e+007  -1.0 5.00e-004    -  1.00e+000 1.00e+000h  1
 185 2.4388604e+012 3.50e+003 1.35e+007  -1.0 4.95e-004    -  1.00e+000 1.00e+000h  1
 186 2.4471916e+012 3.50e+003 1.34e+007  -1.0 4.91e-004    -  1.00e+000 1.00e+000h  1
 187 2.4554945e+012 3.49e+003 1.33e+007  -1.0 4.87e-004    -  1.00e+000 1.00e+000h  1
 188 2.4637693e+012 3.48e+003 1.32e+007  -1.0 4.83e-004    -  1.00e+000 1.00e+000h  1
 189 2.4720165e+012 3.48e+003 1.31e+007  -1.0 4.79e-004    -  1.00e+000 1.00e+000h  1
iter    objective    inf_pr   inf_du lg(mu)  ||d||  lg(rg) alpha_du alpha_pr  ls
 190 2.4802362e+012 3.47e+003 1.30e+007  -1.0 4.75e-004    -  1.00e+000 1.00e+000h  1
 191 2.4884287e+012 3.47e+003 1.29e+007  -1.0 4.71e-004    -  1.00e+000 1.00e+000h  1
 192 2.4965943e+012 3.46e+003 1.28e+007  -1.0 4.67e-004    -  1.00e+000 1.00e+000h  1
 193 2.5047333e+012 3.46e+003 1.27e+007  -1.0 4.63e-004    -  1.00e+000 1.00e+000h  1
 194 2.5128458e+012 3.45e+003 1.26e+007  -1.0 4.60e-004    -  1.00e+000 1.00e+000h  1
 195 2.5209323e+012 3.44e+003 1.25e+007  -1.0 4.56e-004    -  1.00e+000 1.00e+000h  1
 196 2.5289929e+012 3.44e+003 1.24e+007  -1.0 4.52e-004    -  1.00e+000 1.00e+000h  1
 197 2.5370278e+012 3.43e+003 1.23e+007  -1.0 4.49e-004    -  1.00e+000 1.00e+000h  1
 198 2.5450374e+012 3.43e+003 1.22e+007  -1.0 4.45e-004    -  1.00e+000 1.00e+000h  1
 199 2.5530218e+012 3.42e+003 1.21e+007  -1.0 4.42e-004    -  1.00e+000 1.00e+000h  1
iter    objective    inf_pr   inf_du lg(mu)  ||d||  lg(rg) alpha_du alpha_pr  ls
 200 2.5609812e+012 3.42e+003 1.20e+007  -1.0 4.38e-004    -  1.00e+000 1.00e+000h  1

Number of Iterations....: 200

                                   (scaled)                 (unscaled)
Objective...............:  5.9593309351873446e+008   2.5609812352460371e+012
Dual infeasibility......:  1.1979988704564182e+007   5.1483172531487946e+010
Constraint violation....:  1.3605901268444709e-001   3.4173642764639853e+003
Complementarity.........:  1.0000000000012038e-001   4.2974308074210182e+002
Overall NLP error.......:  9.9319803289458162e+002   5.1483172531487946e+010


Number of objective function evaluations             = 205
Number of objective gradient evaluations             = 201
Number of equality constraint evaluations            = 205
Number of inequality constraint evaluations          = 205
Number of equality constraint Jacobian evaluations   = 201
Number of inequality constraint Jacobian evaluations = 201
Number of Lagrangian Hessian evaluations             = 200
Total CPU secs in IPOPT (w/o function evaluations)   =     56.534
Total CPU secs in NLP function evaluations           =     18.883

EXIT: Maximum Number of Iterations Exceeded.
