This is Ipopt version 3.12, running with linear solver ma86.

Number of nonzeros in equality constraint Jacobian...:    12164
Number of nonzeros in inequality constraint Jacobian.:  1581320
Number of nonzeros in Lagrangian Hessian.............:    12164

Total number of variables............................:    12164
                     variables with only lower bounds:        0
                variables with lower and upper bounds:    12164
                     variables with only upper bounds:        0
Total number of equality constraints.................:        1
Total number of inequality constraints...............:      130
        inequality constraints with only lower bounds:       35
   inequality constraints with lower and upper bounds:       94
        inequality constraints with only upper bounds:        1

iter    objective    inf_pr   inf_du lg(mu)  ||d||  lg(rg) alpha_du alpha_pr  ls
   0 2.1952224e+011 7.28e+013 1.00e+000  -1.0 0.00e+000    -  0.00e+000 0.00e+000   0
   1 2.1936976e+011 7.28e+013 6.62e+001  -1.0 1.15e+003    -  3.36e-002 3.48e-004f  1
   2 1.9548526e+011 6.87e+013 2.98e+001  -1.0 1.15e+003    -  8.77e-003 5.60e-002f  1
   3 1.5596844e+011 6.14e+013 6.28e+001  -1.0 1.08e+003    -  8.77e-002 1.07e-001f  1
   4 1.2092209e+011 5.40e+013 7.86e+001  -1.0 9.72e+002    -  2.04e-001 1.20e-001f  1
   5 2.8242746e+010 2.61e+013 1.72e+002  -1.0 8.82e+002    -  3.26e-001 5.18e-001f  1
   6 9.1887803e+009 1.48e+013 2.89e+002  -1.0 5.03e+002    -  1.02e-001 4.32e-001h  1
   7 3.8776668e+009 9.54e+012 2.84e+002  -1.0 3.11e+002    -  1.71e-001 3.55e-001h  1
   8 1.8188420e+009 6.47e+012 2.64e+002  -1.0 2.12e+002    -  1.64e-001 3.22e-001h  1
   9 6.4776299e+008 3.77e+012 2.21e+002  -1.0 1.48e+002    -  2.45e-001 4.17e-001h  1
iter    objective    inf_pr   inf_du lg(mu)  ||d||  lg(rg) alpha_du alpha_pr  ls
  10 2.4972322e+008 2.26e+012 1.02e+002  -1.0 8.80e+001    -  5.11e-001 4.00e-001h  1
  11 7.3882011e+007 1.13e+012 5.28e+001  -1.0 5.03e+001    -  4.24e-001 4.99e-001h  1
  12 3.6920050e+007 7.43e+011 3.15e+001  -1.0 2.43e+001    -  1.80e-001 3.43e-001h  1
  13 2.3173746e+007 5.45e+011 2.89e+001  -1.0 1.56e+001    -  2.39e-001 2.66e-001h  1
  14 1.3266867e+007 3.39e+011 1.35e+002  -1.0 1.65e+001    -  9.83e-002 3.77e-001h  1
  15 1.1098878e+007 2.54e+011 4.20e+001  -1.0 1.31e+001    -  3.49e-001 2.52e-001h  1
  16 1.8079541e+007 1.23e+011 1.78e+002  -1.0 2.02e+001    -  2.55e-001 5.15e-001h  1
  17 2.0439013e+007 9.84e+010 4.41e+001  -1.0 1.26e+001    -  3.45e-001 1.98e-001h  1
  18 7.8467216e+007 4.28e+010 1.77e+002  -1.0 2.79e+001    -  5.49e-001 5.62e-001h  1
  19 8.5721211e+007 3.19e+010 1.44e+002  -1.0 3.65e+001    -  3.74e-001 2.53e-001h  1
iter    objective    inf_pr   inf_du lg(mu)  ||d||  lg(rg) alpha_du alpha_pr  ls
  20 1.0573525e+008 2.04e+010 2.92e+002  -1.0 9.15e+001    -  5.63e-001 3.54e-001h  1
  21 1.1759525e+008 1.67e+010 8.33e+002  -1.0 2.91e+002    -  5.44e-001 1.79e-001h  1
  22 1.5257911e+008 1.12e+010 1.90e+003  -1.0 1.33e+002    -  1.00e+000 3.23e-001h  1
  23 4.4232660e+009 1.47e+009 1.98e+004  -1.0 2.83e+002    -  1.00e+000 8.37e-001h  1
  24 3.9492882e+009 9.15e+008 2.23e+004  -1.0 4.54e+001    -  1.00e+000 2.94e-001h  1
  25 5.0716661e+009 2.14e+008 1.53e+004  -1.0 3.48e+001    -  6.36e-001 5.24e-001h  1
  26 5.1135091e+009 1.69e+008 7.74e+004  -1.0 1.65e+001    -  1.00e+000 6.97e-002h  1
  27 2.2445970e+011 4.30e+007 1.12e+008  -1.0 1.57e+001    -  1.00e+000 4.35e-001h  1
  28 1.7459408e+011 2.28e+007 7.37e+007  -1.0 8.48e+000    -  1.00e+000 4.49e-001f  1
  29 1.1619686e+011 1.65e+004 3.11e+007  -1.0 4.67e+000    -  1.00e+000 1.00e+000f  1
iter    objective    inf_pr   inf_du lg(mu)  ||d||  lg(rg) alpha_du alpha_pr  ls
  30 7.8447610e+010 1.86e+004 1.43e+007  -1.0 2.46e-002    -  1.00e+000 8.87e-001f  1
  31 5.5606186e+010 6.27e+003 6.02e+006  -1.0 2.86e-002    -  1.00e+000 1.00e+000f  1
  32 4.2750482e+010 8.17e+002 2.54e+006  -1.0 1.59e-002    -  1.00e+000 1.00e+000f  1
  33 3.5468695e+010 1.07e+002 1.07e+006  -1.0 1.01e-002    -  1.00e+000 1.00e+000f  1
  34 3.1444392e+010 1.04e+002 4.47e+005  -1.0 8.50e-003    -  1.00e+000 1.00e+000f  1
  35 2.9299514e+010 1.02e+002 1.86e+005  -1.0 7.90e-003    -  1.00e+000 1.00e+000f  1
  36 2.8238430e+010 1.00e+002 7.56e+004  -1.0 7.60e-003    -  1.00e+000 1.00e+000f  1
  37 2.7806636e+010 9.87e+001 2.92e+004  -1.0 7.39e-003    -  1.00e+000 1.00e+000f  1
  38 2.7736439e+010 9.70e+001 9.93e+003  -1.0 7.06e-003    -  1.00e+000 1.00e+000f  1
  39 2.7849870e+010 9.55e+001 2.47e+003  -1.0 6.38e-003    -  1.00e+000 1.00e+000h  1
iter    objective    inf_pr   inf_du lg(mu)  ||d||  lg(rg) alpha_du alpha_pr  ls
  40 2.8020377e+010 9.42e+001 2.91e+002  -1.0 5.37e-003    -  1.00e+000 1.00e+000h  1
  41 2.8186056e+010 9.30e+001 1.08e+001  -1.0 4.57e-003    -  1.00e+000 1.00e+000h  1
  42 2.8339018e+010 9.20e+001 1.69e+000  -1.0 4.16e-003    -  1.00e+000 1.00e+000h  1
  43 2.8486858e+010 9.10e+001 1.52e+000  -1.0 3.91e-003    -  1.00e+000 1.00e+000h  1
  44 2.8633109e+010 9.01e+001 1.47e+000  -1.0 3.70e-003    -  1.00e+000 1.00e+000h  1
  45 2.8778645e+010 8.92e+001 1.41e+000  -1.0 3.52e-003    -  1.00e+000 1.00e+000h  1
  46 2.8923649e+010 8.84e+001 1.36e+000  -1.0 3.35e-003    -  1.00e+000 1.00e+000h  1
  47 2.9068143e+010 8.76e+001 1.31e+000  -1.0 3.20e-003    -  1.00e+000 1.00e+000h  1
  48 2.9212119e+010 8.68e+001 1.26e+000  -1.0 3.06e-003    -  1.00e+000 1.00e+000h  1
  49 2.9355565e+010 8.61e+001 1.22e+000  -1.0 2.92e-003    -  1.00e+000 1.00e+000h  1
iter    objective    inf_pr   inf_du lg(mu)  ||d||  lg(rg) alpha_du alpha_pr  ls
  50 2.9498472e+010 8.54e+001 1.18e+000  -1.0 2.80e-003    -  1.00e+000 1.00e+000h  1
  51 2.9640834e+010 8.47e+001 1.14e+000  -1.0 2.68e-003    -  1.00e+000 1.00e+000h  1
  52 2.9782647e+010 8.41e+001 1.11e+000  -1.0 2.57e-003    -  1.00e+000 1.00e+000h  1
  53 2.9923911e+010 8.35e+001 1.07e+000  -1.0 2.47e-003    -  1.00e+000 1.00e+000h  1
  54 3.0064627e+010 8.29e+001 1.04e+000  -1.0 2.37e-003    -  1.00e+000 1.00e+000h  1
  55 3.0204797e+010 8.23e+001 1.02e+000  -1.0 2.28e-003    -  1.00e+000 1.00e+000h  1
  56 3.0733102e+010 7.93e+001 3.11e+003  -1.7 9.73e+000    -  9.69e-001 1.00e+000H  1
  57 3.0855042e+010 7.88e+001 2.52e+001  -1.7 2.76e+001    -  1.00e+000 1.00e+000h  1
  58 3.1056951e+010 7.81e+001 7.50e+000  -1.7 2.83e+000    -  1.00e+000 1.00e+000h  1
  59 3.1262575e+010 7.75e+001 1.82e+000  -1.7 7.57e-003    -  1.00e+000 1.00e+000h  1
iter    objective    inf_pr   inf_du lg(mu)  ||d||  lg(rg) alpha_du alpha_pr  ls
  60 3.1467565e+010 7.69e+001 1.80e+000  -1.7 4.96e-004    -  1.00e+000 1.00e+000h  1
  61 3.1671277e+010 7.63e+001 1.75e+000  -1.7 4.76e-004    -  1.00e+000 1.00e+000h  1
  62 3.1873837e+010 7.57e+001 1.71e+000  -1.7 4.58e-004    -  1.00e+000 1.00e+000h  1
  63 3.2075306e+010 7.52e+001 1.66e+000  -1.7 4.42e-004    -  1.00e+000 1.00e+000h  1
  64 3.2275717e+010 7.46e+001 1.62e+000  -1.7 4.26e-004    -  1.00e+000 1.00e+000h  1
  65 3.2475102e+010 7.41e+001 1.59e+000  -1.7 4.12e-004    -  1.00e+000 1.00e+000h  1
  66 3.2673488e+010 7.36e+001 1.55e+000  -1.7 3.98e-004    -  1.00e+000 1.00e+000h  1
  67 3.2870902e+010 7.31e+001 1.52e+000  -1.7 3.86e-004    -  1.00e+000 1.00e+000h  1
  68 3.3067372e+010 7.27e+001 1.48e+000  -1.7 3.74e-004    -  1.00e+000 1.00e+000h  1
  69 3.3262922e+010 7.22e+001 1.45e+000  -1.7 3.63e-004    -  1.00e+000 1.00e+000h  1
iter    objective    inf_pr   inf_du lg(mu)  ||d||  lg(rg) alpha_du alpha_pr  ls
  70 3.3457578e+010 7.18e+001 1.42e+000  -1.7 3.53e-004    -  1.00e+000 1.00e+000h  1
  71 3.3651363e+010 7.13e+001 1.40e+000  -1.7 3.43e-004    -  1.00e+000 1.00e+000h  1
  72 3.3844302e+010 7.09e+001 1.37e+000  -1.7 3.33e-004    -  1.00e+000 1.00e+000h  1
  73 3.4036415e+010 7.05e+001 1.35e+000  -1.7 3.24e-004    -  1.00e+000 1.00e+000h  1
  74 3.4227726e+010 7.01e+001 1.32e+000  -1.7 3.16e-004    -  1.00e+000 1.00e+000h  1
  75 3.4418254e+010 6.97e+001 1.30e+000  -1.7 3.08e-004    -  1.00e+000 1.00e+000h  1
  76 3.4608021e+010 6.93e+001 1.28e+000  -1.7 3.01e-004    -  1.00e+000 1.00e+000h  1
  77 3.4797045e+010 6.90e+001 1.26e+000  -1.7 2.93e-004    -  1.00e+000 1.00e+000h  1
  78 3.4985347e+010 6.86e+001 1.24e+000  -1.7 2.86e-004    -  1.00e+000 1.00e+000h  1
  79 3.5172945e+010 6.83e+001 1.22e+000  -1.7 2.80e-004    -  1.00e+000 1.00e+000h  1
iter    objective    inf_pr   inf_du lg(mu)  ||d||  lg(rg) alpha_du alpha_pr  ls
  80 3.5359856e+010 6.79e+001 1.20e+000  -1.7 2.74e-004    -  1.00e+000 1.00e+000h  1
  81 3.5546100e+010 6.76e+001 1.18e+000  -1.7 2.68e-004    -  1.00e+000 1.00e+000h  1
  82 3.5731691e+010 6.72e+001 1.16e+000  -1.7 2.62e-004    -  1.00e+000 1.00e+000h  1
  83 3.5916649e+010 6.69e+001 1.15e+000  -1.7 2.57e-004    -  1.00e+000 1.00e+000h  1
  84 3.6100987e+010 6.66e+001 1.13e+000  -1.7 2.51e-004    -  1.00e+000 1.00e+000h  1
  85 3.6284724e+010 6.63e+001 1.11e+000  -1.7 2.46e-004    -  1.00e+000 1.00e+000h  1
  86 3.6467875e+010 6.60e+001 1.10e+000  -1.7 2.42e-004    -  1.00e+000 1.00e+000h  1
  87 3.6650454e+010 6.57e+001 1.08e+000  -1.7 2.37e-004    -  1.00e+000 1.00e+000h  1
  88 3.6832479e+010 6.54e+001 1.07e+000  -1.7 2.32e-004    -  1.00e+000 1.00e+000h  1
  89 3.7013963e+010 6.51e+001 1.06e+000  -1.7 2.28e-004    -  1.00e+000 1.00e+000h  1
iter    objective    inf_pr   inf_du lg(mu)  ||d||  lg(rg) alpha_du alpha_pr  ls
  90 3.7194922e+010 6.48e+001 1.04e+000  -1.7 2.24e-004    -  1.00e+000 1.00e+000h  1
  91 3.7375372e+010 6.45e+001 1.03e+000  -1.7 2.20e-004    -  1.00e+000 1.00e+000h  1
  92 3.7555329e+010 6.43e+001 1.02e+000  -1.7 2.16e-004    -  1.00e+000 1.00e+000h  1
  93 3.7734807e+010 6.40e+001 1.00e+000  -1.7 2.13e-004    -  1.00e+000 1.00e+000h  1
  94 3.7913824e+010 6.37e+001 9.91e-001  -1.7 2.09e-004    -  1.00e+000 1.00e+000h  1
  95 3.8092397e+010 6.35e+001 9.79e-001  -1.7 2.06e-004    -  1.00e+000 1.00e+000h  1
  96 3.8270543e+010 6.32e+001 9.67e-001  -1.7 2.02e-004    -  1.00e+000 1.00e+000h  1
  97 3.8448284e+010 6.30e+001 9.54e-001  -1.7 1.99e-004    -  1.00e+000 1.00e+000h  1
  98 3.8625639e+010 6.27e+001 9.42e-001  -1.7 1.96e-004    -  1.00e+000 1.00e+000h  1
  99 3.8802635e+010 6.25e+001 9.30e-001  -1.7 1.93e-004    -  1.00e+000 1.00e+000h  1
iter    objective    inf_pr   inf_du lg(mu)  ||d||  lg(rg) alpha_du alpha_pr  ls
 100 3.8979298e+010 6.22e+001 9.17e-001  -1.7 1.91e-004    -  1.00e+000 1.00e+000h  1
 101 3.9155662e+010 6.20e+001 9.05e-001  -1.7 1.88e-004    -  1.00e+000 1.00e+000h  1
 102 3.9331768e+010 6.17e+001 8.91e-001  -1.7 1.85e-004    -  1.00e+000 1.00e+000h  1
 103 3.9507666e+010 6.15e+001 8.77e-001  -1.7 1.83e-004    -  1.00e+000 1.00e+000h  1
 104 3.9683423e+010 6.13e+001 8.62e-001  -1.7 1.81e-004    -  1.00e+000 1.00e+000h  1
 105 3.9859127e+010 6.11e+001 8.45e-001  -1.7 1.79e-004    -  1.00e+000 1.00e+000h  1
 106 4.0034901e+010 6.08e+001 8.26e-001  -1.7 1.77e-004    -  1.00e+000 1.00e+000h  1
 107 4.0210925e+010 6.06e+001 8.03e-001  -1.7 1.75e-004    -  1.00e+000 1.00e+000h  1
 108 4.0387469e+010 6.04e+001 7.74e-001  -1.7 1.74e-004    -  1.00e+000 1.00e+000h  1
 109 4.0564963e+010 6.02e+001 7.37e-001  -1.7 1.73e-004    -  1.00e+000 1.00e+000h  1
iter    objective    inf_pr   inf_du lg(mu)  ||d||  lg(rg) alpha_du alpha_pr  ls
 110 4.0744122e+010 6.00e+001 6.85e-001  -1.7 1.73e-004    -  1.00e+000 1.00e+000h  1
 111 4.0926201e+010 5.97e+001 6.10e-001  -1.7 1.75e-004    -  1.00e+000 1.00e+000h  1
 112 4.1113499e+010 5.95e+001 4.96e-001  -1.7 1.79e-004    -  1.00e+000 1.00e+000h  1
 113 4.1789745e+010 5.87e+001 3.42e+004  -2.5 3.60e+001    -  7.14e-001 1.00e+000H  1
 114 4.2326744e+010 5.80e+001 5.09e+000  -2.5 4.91e+001    -  1.00e+000 1.00e+000h  1
 115 4.2720608e+010 5.76e+001 5.18e-001  -2.5 3.41e+001    -  1.00e+000 1.00e+000h  1
 116 4.3150928e+010 5.71e+001 5.87e-001  -2.5 8.82e-001    -  1.00e+000 1.00e+000h  1
 117 4.3568955e+010 5.67e+001 5.49e-001  -2.5 4.21e-003    -  1.00e+000 1.00e+000h  1
 118 4.3984037e+010 5.62e+001 5.38e-001  -2.5 3.86e-004    -  1.00e+000 1.00e+000h  1
 119 4.4393698e+010 5.58e+001 5.22e-001  -2.5 3.76e-004    -  1.00e+000 1.00e+000h  1
iter    objective    inf_pr   inf_du lg(mu)  ||d||  lg(rg) alpha_du alpha_pr  ls
 120 4.4798545e+010 5.54e+001 5.07e-001  -2.5 3.67e-004    -  1.00e+000 1.00e+000h  1
 121 4.5198629e+010 5.50e+001 4.93e-001  -2.5 3.57e-004    -  1.00e+000 1.00e+000h  1
 122 4.5594090e+010 5.46e+001 4.80e-001  -2.5 3.49e-004    -  1.00e+000 1.00e+000h  1
 123 4.5985054e+010 5.42e+001 4.67e-001  -2.5 3.40e-004    -  1.00e+000 1.00e+000h  1
 124 4.6371645e+010 5.38e+001 4.55e-001  -2.5 3.32e-004    -  1.00e+000 1.00e+000h  1
 125 4.6753984e+010 5.34e+001 4.43e-001  -2.5 3.24e-004    -  1.00e+000 1.00e+000h  1
 126 4.7132185e+010 5.30e+001 4.32e-001  -2.5 3.17e-004    -  1.00e+000 1.00e+000h  1
 127 4.7506360e+010 5.27e+001 4.21e-001  -2.5 3.10e-004    -  1.00e+000 1.00e+000h  1
 128 4.7876616e+010 5.23e+001 4.11e-001  -2.5 3.03e-004    -  1.00e+000 1.00e+000h  1
 129 4.8243055e+010 5.20e+001 4.01e-001  -2.5 2.97e-004    -  1.00e+000 1.00e+000h  1
iter    objective    inf_pr   inf_du lg(mu)  ||d||  lg(rg) alpha_du alpha_pr  ls
 130 4.8605776e+010 5.17e+001 3.91e-001  -2.5 2.90e-004    -  1.00e+000 1.00e+000h  1
 131 4.8964873e+010 5.13e+001 3.82e-001  -2.5 2.84e-004    -  1.00e+000 1.00e+000h  1
 132 4.9320437e+010 5.10e+001 3.73e-001  -2.5 2.78e-004    -  1.00e+000 1.00e+000h  1
 133 4.9672555e+010 5.07e+001 3.65e-001  -2.5 2.73e-004    -  1.00e+000 1.00e+000h  1
 134 5.0021310e+010 5.04e+001 3.56e-001  -2.5 2.67e-004    -  1.00e+000 1.00e+000h  1
 135 5.0366784e+010 5.01e+001 3.49e-001  -2.5 2.62e-004    -  1.00e+000 1.00e+000h  1
 136 5.0709053e+010 4.98e+001 3.41e-001  -2.5 2.57e-004    -  1.00e+000 1.00e+000h  1
 137 5.1048193e+010 4.95e+001 3.34e-001  -2.5 2.52e-004    -  1.00e+000 1.00e+000h  1
 138 5.1384274e+010 4.92e+001 3.27e-001  -2.5 2.47e-004    -  1.00e+000 1.00e+000h  1
 139 5.1717366e+010 4.89e+001 3.20e-001  -2.5 2.43e-004    -  1.00e+000 1.00e+000h  1
iter    objective    inf_pr   inf_du lg(mu)  ||d||  lg(rg) alpha_du alpha_pr  ls
 140 5.2047536e+010 4.87e+001 3.13e-001  -2.5 2.38e-004    -  1.00e+000 1.00e+000h  1
 141 5.2374847e+010 4.84e+001 3.07e-001  -2.5 2.34e-004    -  1.00e+000 1.00e+000h  1
 142 5.2699362e+010 4.81e+001 3.01e-001  -2.5 2.30e-004    -  1.00e+000 1.00e+000h  1
 143 5.3021141e+010 4.79e+001 2.95e-001  -2.5 2.26e-004    -  1.00e+000 1.00e+000h  1
 144 5.3340241e+010 4.76e+001 2.89e-001  -2.5 2.22e-004    -  1.00e+000 1.00e+000h  1
 145 5.3656718e+010 4.74e+001 2.83e-001  -2.5 2.18e-004    -  1.00e+000 1.00e+000h  1
 146 5.3970626e+010 4.71e+001 2.78e-001  -2.5 2.14e-004    -  1.00e+000 1.00e+000h  1
 147 5.4282017e+010 4.69e+001 2.73e-001  -2.5 2.11e-004    -  1.00e+000 1.00e+000h  1
 148 5.4590941e+010 4.66e+001 2.68e-001  -2.5 2.07e-004    -  1.00e+000 1.00e+000h  1
 149 5.4897447e+010 4.64e+001 2.63e-001  -2.5 2.04e-004    -  1.00e+000 1.00e+000h  1
iter    objective    inf_pr   inf_du lg(mu)  ||d||  lg(rg) alpha_du alpha_pr  ls
 150 5.5201583e+010 4.62e+001 2.58e-001  -2.5 2.01e-004    -  1.00e+000 1.00e+000h  1
 151 5.5503393e+010 4.60e+001 2.53e-001  -2.5 1.98e-004    -  1.00e+000 1.00e+000h  1
 152 5.5802923e+010 4.57e+001 2.49e-001  -2.5 1.94e-004    -  1.00e+000 1.00e+000h  1
 153 5.6100216e+010 4.55e+001 2.45e-001  -2.5 1.91e-004    -  1.00e+000 1.00e+000h  1
 154 5.6395312e+010 4.53e+001 2.40e-001  -2.5 1.89e-004    -  1.00e+000 1.00e+000h  1
 155 5.6688252e+010 4.51e+001 2.36e-001  -2.5 1.86e-004    -  1.00e+000 1.00e+000h  1
 156 5.6979076e+010 4.49e+001 2.32e-001  -2.5 1.83e-004    -  1.00e+000 1.00e+000h  1
 157 5.7267821e+010 4.47e+001 2.28e-001  -2.5 1.80e-004    -  1.00e+000 1.00e+000h  1
 158 5.7554525e+010 4.45e+001 2.25e-001  -2.5 1.78e-004    -  1.00e+000 1.00e+000h  1
 159 5.7839223e+010 4.43e+001 2.21e-001  -2.5 1.75e-004    -  1.00e+000 1.00e+000h  1
iter    objective    inf_pr   inf_du lg(mu)  ||d||  lg(rg) alpha_du alpha_pr  ls
 160 5.8121950e+010 4.41e+001 2.17e-001  -2.5 1.73e-004    -  1.00e+000 1.00e+000h  1
 161 5.8402740e+010 4.39e+001 2.14e-001  -2.5 1.70e-004    -  1.00e+000 1.00e+000h  1
 162 5.8681625e+010 4.37e+001 2.10e-001  -2.5 1.68e-004    -  1.00e+000 1.00e+000h  1
 163 5.8958639e+010 4.35e+001 2.07e-001  -2.5 1.65e-004    -  1.00e+000 1.00e+000h  1
 164 5.9233811e+010 4.33e+001 2.04e-001  -2.5 1.63e-004    -  1.00e+000 1.00e+000h  1
 165 5.9507172e+010 4.31e+001 2.01e-001  -2.5 1.61e-004    -  1.00e+000 1.00e+000h  1
 166 5.9778753e+010 4.29e+001 1.98e-001  -2.5 1.59e-004    -  1.00e+000 1.00e+000h  1
 167 6.0048580e+010 4.27e+001 1.95e-001  -2.5 1.57e-004    -  1.00e+000 1.00e+000h  1
 168 6.0316683e+010 4.26e+001 1.92e-001  -2.5 1.55e-004    -  1.00e+000 1.00e+000h  1
 169 6.0583089e+010 4.24e+001 1.89e-001  -2.5 1.53e-004    -  1.00e+000 1.00e+000h  1
iter    objective    inf_pr   inf_du lg(mu)  ||d||  lg(rg) alpha_du alpha_pr  ls
 170 6.0847824e+010 4.22e+001 1.86e-001  -2.5 1.51e-004    -  1.00e+000 1.00e+000h  1
 171 6.1110913e+010 4.20e+001 1.84e-001  -2.5 1.49e-004    -  1.00e+000 1.00e+000h  1
 172 6.1372383e+010 4.19e+001 1.81e-001  -2.5 1.47e-004    -  1.00e+000 1.00e+000h  1
 173 6.1632258e+010 4.17e+001 1.78e-001  -2.5 1.45e-004    -  1.00e+000 1.00e+000h  1
 174 6.1890562e+010 4.15e+001 1.76e-001  -2.5 1.43e-004    -  1.00e+000 1.00e+000h  1
 175 6.2147317e+010 4.14e+001 1.73e-001  -2.5 1.42e-004    -  1.00e+000 1.00e+000h  1
 176 6.2402548e+010 4.12e+001 1.71e-001  -2.5 1.40e-004    -  1.00e+000 1.00e+000h  1
 177 6.2656276e+010 4.11e+001 1.69e-001  -2.5 1.38e-004    -  1.00e+000 1.00e+000h  1
 178 6.2908523e+010 4.09e+001 1.66e-001  -2.5 1.37e-004    -  1.00e+000 1.00e+000h  1
 179 6.3159311e+010 4.07e+001 1.64e-001  -2.5 1.35e-004    -  1.00e+000 1.00e+000h  1
iter    objective    inf_pr   inf_du lg(mu)  ||d||  lg(rg) alpha_du alpha_pr  ls
 180 6.3408659e+010 4.06e+001 1.62e-001  -2.5 1.33e-004    -  1.00e+000 1.00e+000h  1
 181 6.3656589e+010 4.04e+001 1.60e-001  -2.5 1.32e-004    -  1.00e+000 1.00e+000h  1
 182 6.4182070e+010 4.01e+001 1.51e+004  -3.8 6.62e+001    -  8.21e-001 1.00e+000h  1
 183 6.4674788e+010 3.98e+001 3.40e+004  -3.8 5.20e+001    -  6.57e-001 1.00e+000h  1
 184 6.5167864e+010 3.95e+001 6.39e-001  -3.8 2.03e+001    -  1.00e+000 1.00e+000h  1
 185 6.5659015e+010 3.92e+001 6.23e-001  -3.8 7.20e+000    -  1.00e+000 1.00e+000h  1
 186 6.6146902e+010 3.89e+001 6.07e-001  -3.8 7.24e-001    -  1.00e+000 1.00e+000h  1
 187 6.6629731e+010 3.87e+001 5.92e-001  -3.8 1.05e-002    -  1.00e+000 1.00e+000h  1
 188 6.7107463e+010 3.84e+001 5.77e-001  -3.8 2.08e-004    -  1.00e+000 1.00e+000h  1
 189 6.7580223e+010 3.81e+001 5.63e-001  -3.8 2.03e-004    -  1.00e+000 1.00e+000h  1
iter    objective    inf_pr   inf_du lg(mu)  ||d||  lg(rg) alpha_du alpha_pr  ls
 190 6.8048138e+010 3.79e+001 5.50e-001  -3.8 1.99e-004    -  1.00e+000 1.00e+000h  1
 191 6.8511326e+010 3.76e+001 5.37e-001  -3.8 1.95e-004    -  1.00e+000 1.00e+000h  1
 192 6.8969903e+010 3.74e+001 5.25e-001  -3.8 1.91e-004    -  1.00e+000 1.00e+000h  1
 193 6.9423979e+010 3.71e+001 5.13e-001  -3.8 1.87e-004    -  1.00e+000 1.00e+000h  1
 194 6.9873660e+010 3.69e+001 5.01e-001  -3.8 1.84e-004    -  1.00e+000 1.00e+000h  1
 195 7.0319049e+010 3.67e+001 4.90e-001  -3.8 1.80e-004    -  1.00e+000 1.00e+000h  1
 196 7.0760244e+010 3.64e+001 4.79e-001  -3.8 1.77e-004    -  1.00e+000 1.00e+000h  1
 197 7.1197340e+010 3.62e+001 4.69e-001  -3.8 1.74e-004    -  1.00e+000 1.00e+000h  1
 198 7.1630427e+010 3.60e+001 4.59e-001  -3.8 1.70e-004    -  1.00e+000 1.00e+000h  1
 199 7.2059595e+010 3.58e+001 4.50e-001  -3.8 1.67e-004    -  1.00e+000 1.00e+000h  1
iter    objective    inf_pr   inf_du lg(mu)  ||d||  lg(rg) alpha_du alpha_pr  ls
 200 7.2484928e+010 3.55e+001 4.40e-001  -3.8 1.64e-004    -  1.00e+000 1.00e+000h  1

Number of Iterations....: 200

                                   (scaled)                 (unscaled)
Objective...............:  7.2484927929866171e+002   7.2484927929866165e+010
Dual infeasibility......:  4.4031671372151737e-001   4.4031671372151740e+007
Constraint violation....:  8.3045664527585467e-005   3.5542485435218623e+001
Complementarity.........:  1.5042412372354673e-004   1.5042412372354673e+004
Overall NLP error.......:  6.3722040929605109e-002   4.4031671372151740e+007


Number of objective function evaluations             = 203
Number of objective gradient evaluations             = 201
Number of equality constraint evaluations            = 203
Number of inequality constraint evaluations          = 203
Number of equality constraint Jacobian evaluations   = 201
Number of inequality constraint Jacobian evaluations = 201
Number of Lagrangian Hessian evaluations             = 200
Total CPU secs in IPOPT (w/o function evaluations)   =    107.566
Total CPU secs in NLP function evaluations           =     29.969

EXIT: Maximum Number of Iterations Exceeded.
